<?xml version="1.0" encoding="UTF-8"?>
<testng-results skipped="0" failed="0" total="3" passed="3">
  <reporter-output>
  </reporter-output>
  <suite name="Suite" duration-ms="10" started-at="2016-06-21T12:48:16Z" finished-at="2016-06-21T12:48:16Z">
    <groups>
    </groups>
    <test name="Test" duration-ms="10" started-at="2016-06-21T12:48:16Z" finished-at="2016-06-21T12:48:16Z">
      <class name="innRoad.innCenter.suite.testng_Learning">
        <test-method status="PASS" signature="beforeTest()" name="beforeTest" is-config="true" duration-ms="10" started-at="2016-06-21T12:48:16Z" finished-at="2016-06-21T12:48:16Z">
        </test-method>
        <test-method status="PASS" signature="AfterTest()" name="AfterTest" is-config="true" duration-ms="0" started-at="2016-06-21T12:48:16Z" finished-at="2016-06-21T12:48:16Z">
        </test-method>
        <test-method status="PASS" signature="beforeMethod()" name="beforeMethod" is-config="true" duration-ms="0" started-at="2016-06-21T12:48:16Z" finished-at="2016-06-21T12:48:16Z">
        </test-method>
        <test-method status="PASS" signature="afterMethod()" name="afterMethod" is-config="true" duration-ms="0" started-at="2016-06-21T12:48:16Z" finished-at="2016-06-21T12:48:16Z">
        </test-method>
        <test-method status="PASS" signature="beforeMethod()" name="beforeMethod" is-config="true" duration-ms="0" started-at="2016-06-21T12:48:16Z" finished-at="2016-06-21T12:48:16Z">
        </test-method>
        <test-method status="PASS" signature="test2()" name="test2" duration-ms="0" started-at="2016-06-21T12:48:16Z" finished-at="2016-06-21T12:48:16Z">
        </test-method>
        <test-method status="PASS" signature="afterMethod()" name="afterMethod" is-config="true" duration-ms="0" started-at="2016-06-21T12:48:16Z" finished-at="2016-06-21T12:48:16Z">
        </test-method>
        <test-method status="PASS" signature="test3()" name="test3" duration-ms="0" started-at="2016-06-21T12:48:16Z" finished-at="2016-06-21T12:48:16Z">
        </test-method>
        <test-method status="PASS" signature="test1()" name="test1" duration-ms="0" started-at="2016-06-21T12:48:16Z" finished-at="2016-06-21T12:48:16Z">
        </test-method>
        <test-method status="PASS" signature="afterMethod()" name="afterMethod" is-config="true" duration-ms="0" started-at="2016-06-21T12:48:16Z" finished-at="2016-06-21T12:48:16Z">
        </test-method>
        <test-method status="PASS" signature="beforeMethod()" name="beforeMethod" is-config="true" duration-ms="0" started-at="2016-06-21T12:48:16Z" finished-at="2016-06-21T12:48:16Z">
        </test-method>
      </class>
    </test>
  </suite>
</testng-results>
